21:02:20.709 [restartedMain] INFO  r.l.p.PrerevolutionaryTinderApplication - Starting PrerevolutionaryTinderApplication using Java 17.0.6 with PID 10848 (E:\IdeaProjects\PrerevolutionaryTinder\serverPart\target\classes started by Radimir in E:\IdeaProjects\PrerevolutionaryTinder)
21:02:20.713 [restartedMain] DEBUG r.l.p.PrerevolutionaryTinderApplication - Running with Spring Boot v3.0.6, Spring v6.0.8
21:02:20.714 [restartedMain] INFO  r.l.p.PrerevolutionaryTinderApplication - The following 1 profile is active: "default"
21:02:27.297 [restartedMain] INFO  r.l.p.PrerevolutionaryTinderApplication - Started PrerevolutionaryTinderApplication in 7.091 seconds (process running for 7.969)
21:03:03.811 [http-nio-8443-exec-10] INFO  r.l.p.c.auth.AuthController - TelegramRegistrationInfo(userId=1)
21:05:57.441 [restartedMain] INFO  r.l.p.PrerevolutionaryTinderApplication - Starting PrerevolutionaryTinderApplication using Java 17.0.6 with PID 6852 (E:\IdeaProjects\PrerevolutionaryTinder\serverPart\target\classes started by Radimir in E:\IdeaProjects\PrerevolutionaryTinder)
21:05:57.445 [restartedMain] DEBUG r.l.p.PrerevolutionaryTinderApplication - Running with Spring Boot v3.0.6, Spring v6.0.8
21:05:57.446 [restartedMain] INFO  r.l.p.PrerevolutionaryTinderApplication - The following 1 profile is active: "default"
21:06:04.248 [restartedMain] INFO  r.l.p.PrerevolutionaryTinderApplication - Started PrerevolutionaryTinderApplication in 7.394 seconds (process running for 8.194)
21:06:22.987 [http-nio-8443-exec-1] INFO  r.l.p.c.auth.AuthController - TelegramRegistrationInfo(userId=1)
21:19:45.539 [restartedMain] INFO  r.l.p.PrerevolutionaryTinderApplication - Starting PrerevolutionaryTinderApplication using Java 17.0.6 with PID 6240 (E:\IdeaProjects\PrerevolutionaryTinder\serverPart\target\classes started by Radimir in E:\IdeaProjects\PrerevolutionaryTinder)
21:19:45.542 [restartedMain] DEBUG r.l.p.PrerevolutionaryTinderApplication - Running with Spring Boot v3.0.6, Spring v6.0.8
21:19:45.544 [restartedMain] INFO  r.l.p.PrerevolutionaryTinderApplication - The following 1 profile is active: "default"
21:19:51.594 [restartedMain] INFO  r.l.p.PrerevolutionaryTinderApplication - Started PrerevolutionaryTinderApplication in 6.555 seconds (process running for 7.351)
21:19:59.527 [http-nio-8443-exec-1] INFO  r.l.p.c.auth.AuthController - TelegramRegistrationInfo(userId=1)
21:21:22.550 [restartedMain] INFO  r.l.p.PrerevolutionaryTinderApplication - Starting PrerevolutionaryTinderApplication using Java 17.0.6 with PID 6240 (E:\IdeaProjects\PrerevolutionaryTinder\serverPart\target\classes started by Radimir in E:\IdeaProjects\PrerevolutionaryTinder)
21:21:22.550 [restartedMain] DEBUG r.l.p.PrerevolutionaryTinderApplication - Running with Spring Boot v3.0.6, Spring v6.0.8
21:21:22.551 [restartedMain] INFO  r.l.p.PrerevolutionaryTinderApplication - The following 1 profile is active: "default"
21:21:41.144 [restartedMain] INFO  r.l.p.PrerevolutionaryTinderApplication - Starting PrerevolutionaryTinderApplication using Java 17.0.6 with PID 6240 (E:\IdeaProjects\PrerevolutionaryTinder\serverPart\target\classes started by Radimir in E:\IdeaProjects\PrerevolutionaryTinder)
21:21:41.145 [restartedMain] DEBUG r.l.p.PrerevolutionaryTinderApplication - Running with Spring Boot v3.0.6, Spring v6.0.8
21:21:41.146 [restartedMain] INFO  r.l.p.PrerevolutionaryTinderApplication - The following 1 profile is active: "default"
21:21:42.166 [restartedMain] INFO  r.l.p.PrerevolutionaryTinderApplication - Started PrerevolutionaryTinderApplication in 1.046 seconds (process running for 117.923)
21:21:45.945 [http-nio-8443-exec-3] INFO  r.l.p.c.auth.AuthController - TelegramRegistrationInfo(userId=1)
21:21:57.616 [http-nio-8443-exec-1] INFO  r.l.p.c.auth.AuthController - TelegramRegistrationInfo(userId=1)
21:22:11.805 [restartedMain] INFO  r.l.p.PrerevolutionaryTinderApplication - Starting PrerevolutionaryTinderApplication using Java 17.0.6 with PID 16292 (E:\IdeaProjects\PrerevolutionaryTinder\serverPart\target\classes started by Radimir in E:\IdeaProjects\PrerevolutionaryTinder)
21:22:11.808 [restartedMain] DEBUG r.l.p.PrerevolutionaryTinderApplication - Running with Spring Boot v3.0.6, Spring v6.0.8
21:22:11.809 [restartedMain] INFO  r.l.p.PrerevolutionaryTinderApplication - The following 1 profile is active: "default"
21:22:17.946 [restartedMain] INFO  r.l.p.PrerevolutionaryTinderApplication - Started PrerevolutionaryTinderApplication in 6.651 seconds (process running for 7.67)
21:22:30.502 [http-nio-8443-exec-10] INFO  r.l.p.c.auth.AuthController - TelegramRegistrationInfo(userId=1)
21:30:31.606 [restartedMain] INFO  r.l.p.PrerevolutionaryTinderApplication - Starting PrerevolutionaryTinderApplication using Java 17.0.6 with PID 13308 (E:\IdeaProjects\PrerevolutionaryTinder\serverPart\target\classes started by Radimir in E:\IdeaProjects\PrerevolutionaryTinder)
21:30:31.610 [restartedMain] DEBUG r.l.p.PrerevolutionaryTinderApplication - Running with Spring Boot v3.0.6, Spring v6.0.8
21:30:31.611 [restartedMain] INFO  r.l.p.PrerevolutionaryTinderApplication - The following 1 profile is active: "default"
21:30:39.440 [restartedMain] INFO  r.l.p.PrerevolutionaryTinderApplication - Started PrerevolutionaryTinderApplication in 8.375 seconds (process running for 9.199)
21:30:53.613 [restartedMain] INFO  r.l.p.PrerevolutionaryTinderApplication - Starting PrerevolutionaryTinderApplication using Java 17.0.6 with PID 12932 (E:\IdeaProjects\PrerevolutionaryTinder\serverPart\target\classes started by Radimir in E:\IdeaProjects\PrerevolutionaryTinder)
21:30:53.624 [restartedMain] DEBUG r.l.p.PrerevolutionaryTinderApplication - Running with Spring Boot v3.0.6, Spring v6.0.8
21:30:53.625 [restartedMain] INFO  r.l.p.PrerevolutionaryTinderApplication - The following 1 profile is active: "default"
21:30:59.158 [restartedMain] INFO  r.l.p.PrerevolutionaryTinderApplication - Started PrerevolutionaryTinderApplication in 6.027 seconds (process running for 6.834)
21:34:11.298 [restartedMain] INFO  r.l.p.PrerevolutionaryTinderApplication - Starting PrerevolutionaryTinderApplication using Java 17.0.6 with PID 19176 (E:\IdeaProjects\PrerevolutionaryTinder\serverPart\target\classes started by Radimir in E:\IdeaProjects\PrerevolutionaryTinder)
21:34:11.302 [restartedMain] DEBUG r.l.p.PrerevolutionaryTinderApplication - Running with Spring Boot v3.0.6, Spring v6.0.8
21:34:11.303 [restartedMain] INFO  r.l.p.PrerevolutionaryTinderApplication - The following 1 profile is active: "default"
21:34:17.616 [restartedMain] INFO  r.l.p.PrerevolutionaryTinderApplication - Started PrerevolutionaryTinderApplication in 6.797 seconds (process running for 7.612)
21:39:06.941 [restartedMain] INFO  r.l.p.PrerevolutionaryTinderApplication - Starting PrerevolutionaryTinderApplication using Java 17.0.6 with PID 18884 (E:\IdeaProjects\PrerevolutionaryTinder\serverPart\target\classes started by Radimir in E:\IdeaProjects\PrerevolutionaryTinder)
21:39:06.945 [restartedMain] DEBUG r.l.p.PrerevolutionaryTinderApplication - Running with Spring Boot v3.0.6, Spring v6.0.8
21:39:06.946 [restartedMain] INFO  r.l.p.PrerevolutionaryTinderApplication - The following 1 profile is active: "default"
21:39:12.556 [restartedMain] INFO  r.l.p.PrerevolutionaryTinderApplication - Started PrerevolutionaryTinderApplication in 6.127 seconds (process running for 6.948)
21:41:02.048 [restartedMain] INFO  r.l.p.PrerevolutionaryTinderApplication - Starting PrerevolutionaryTinderApplication using Java 17.0.6 with PID 18884 (E:\IdeaProjects\PrerevolutionaryTinder\serverPart\target\classes started by Radimir in E:\IdeaProjects\PrerevolutionaryTinder)
21:41:02.049 [restartedMain] DEBUG r.l.p.PrerevolutionaryTinderApplication - Running with Spring Boot v3.0.6, Spring v6.0.8
21:41:02.050 [restartedMain] INFO  r.l.p.PrerevolutionaryTinderApplication - The following 1 profile is active: "default"
21:41:04.937 [restartedMain] INFO  r.l.p.PrerevolutionaryTinderApplication - Started PrerevolutionaryTinderApplication in 3.104 seconds (process running for 119.329)
21:41:06.677 [restartedMain] INFO  r.l.p.PrerevolutionaryTinderApplication - Starting PrerevolutionaryTinderApplication using Java 17.0.6 with PID 18884 (E:\IdeaProjects\PrerevolutionaryTinder\serverPart\target\classes started by Radimir in E:\IdeaProjects\PrerevolutionaryTinder)
21:41:06.677 [restartedMain] DEBUG r.l.p.PrerevolutionaryTinderApplication - Running with Spring Boot v3.0.6, Spring v6.0.8
21:41:06.677 [restartedMain] INFO  r.l.p.PrerevolutionaryTinderApplication - The following 1 profile is active: "default"
21:41:07.994 [restartedMain] INFO  r.l.p.PrerevolutionaryTinderApplication - Started PrerevolutionaryTinderApplication in 1.348 seconds (process running for 122.386)
21:44:43.695 [restartedMain] INFO  r.l.p.PrerevolutionaryTinderApplication - Starting PrerevolutionaryTinderApplication using Java 17.0.6 with PID 18884 (E:\IdeaProjects\PrerevolutionaryTinder\serverPart\target\classes started by Radimir in E:\IdeaProjects\PrerevolutionaryTinder)
21:44:43.695 [restartedMain] DEBUG r.l.p.PrerevolutionaryTinderApplication - Running with Spring Boot v3.0.6, Spring v6.0.8
21:44:43.695 [restartedMain] INFO  r.l.p.PrerevolutionaryTinderApplication - The following 1 profile is active: "default"
21:44:46.795 [restartedMain] INFO  r.l.p.PrerevolutionaryTinderApplication - Starting PrerevolutionaryTinderApplication using Java 17.0.6 with PID 18884 (E:\IdeaProjects\PrerevolutionaryTinder\serverPart\target\classes started by Radimir in E:\IdeaProjects\PrerevolutionaryTinder)
21:44:46.796 [restartedMain] DEBUG r.l.p.PrerevolutionaryTinderApplication - Running with Spring Boot v3.0.6, Spring v6.0.8
21:44:46.796 [restartedMain] INFO  r.l.p.PrerevolutionaryTinderApplication - The following 1 profile is active: "default"
21:44:48.215 [restartedMain] INFO  r.l.p.PrerevolutionaryTinderApplication - Started PrerevolutionaryTinderApplication in 1.436 seconds (process running for 342.607)
21:45:53.955 [restartedMain] INFO  r.l.p.PrerevolutionaryTinderApplication - Starting PrerevolutionaryTinderApplication using Java 17.0.6 with PID 9828 (E:\IdeaProjects\PrerevolutionaryTinder\serverPart\target\classes started by Radimir in E:\IdeaProjects\PrerevolutionaryTinder)
21:45:53.958 [restartedMain] DEBUG r.l.p.PrerevolutionaryTinderApplication - Running with Spring Boot v3.0.6, Spring v6.0.8
21:45:53.959 [restartedMain] INFO  r.l.p.PrerevolutionaryTinderApplication - The following 1 profile is active: "default"
21:46:00.259 [restartedMain] INFO  r.l.p.PrerevolutionaryTinderApplication - Started PrerevolutionaryTinderApplication in 6.792 seconds (process running for 7.582)
21:52:37.550 [restartedMain] INFO  r.l.p.PrerevolutionaryTinderApplication - Starting PrerevolutionaryTinderApplication using Java 17.0.6 with PID 14508 (E:\IdeaProjects\PrerevolutionaryTinder\serverPart\target\classes started by Radimir in E:\IdeaProjects\PrerevolutionaryTinder)
21:52:37.596 [restartedMain] DEBUG r.l.p.PrerevolutionaryTinderApplication - Running with Spring Boot v3.0.6, Spring v6.0.8
21:52:37.608 [restartedMain] INFO  r.l.p.PrerevolutionaryTinderApplication - The following 1 profile is active: "default"
21:52:44.722 [restartedMain] INFO  r.l.p.PrerevolutionaryTinderApplication - Started PrerevolutionaryTinderApplication in 7.961 seconds (process running for 9.193)
21:53:27.744 [restartedMain] INFO  r.l.p.PrerevolutionaryTinderApplication - Starting PrerevolutionaryTinderApplication using Java 17.0.6 with PID 6512 (E:\IdeaProjects\PrerevolutionaryTinder\serverPart\target\classes started by Radimir in E:\IdeaProjects\PrerevolutionaryTinder)
21:53:27.747 [restartedMain] DEBUG r.l.p.PrerevolutionaryTinderApplication - Running with Spring Boot v3.0.6, Spring v6.0.8
21:53:27.748 [restartedMain] INFO  r.l.p.PrerevolutionaryTinderApplication - The following 1 profile is active: "default"
21:53:34.719 [restartedMain] INFO  r.l.p.PrerevolutionaryTinderApplication - Started PrerevolutionaryTinderApplication in 7.477 seconds (process running for 8.349)
